<?xml version="1.0" encoding="UTF-8"?>
<!-- Generated by org.testng.reporters.JUnitReportReporter -->
<testsuite hostname="LAPTOP-P9SC92LR" failures="0" tests="1" name="com.Actitime.Testscripts.TaskTest" time="13.176" errors="0" timestamp="2023-03-30T11:37:20 IST" skipped="0">
  <testcase classname="com.Actitime.Testscripts.TaskTest" name="creatCustomer" time="13.176"/>
  <system-out/>
</testsuite> <!-- com.Actitime.Testscripts.TaskTest -->
